{"level":"info","message":"Server started on http://localhost:3000","service":"property-etl","timestamp":"2025-05-09T23:03:22.871Z"}
{"level":"info","message":"Starting job scheduler","service":"property-etl","timestamp":"2025-05-09T23:03:22.873Z"}
{"level":"info","message":"Scheduling property ETL job with cron schedule: 0 0 * * *","service":"property-etl","timestamp":"2025-05-09T23:03:22.873Z"}
{"level":"info","message":"Property ETL job scheduled successfully","service":"property-etl","timestamp":"2025-05-09T23:03:22.875Z"}
{"level":"info","message":"Job scheduler started successfully","service":"property-etl","timestamp":"2025-05-09T23:03:22.876Z"}
{"level":"info","message":"Server started on http://localhost:3000","service":"property-etl","timestamp":"2025-05-09T23:39:38.067Z"}
{"level":"info","message":"Starting job scheduler","service":"property-etl","timestamp":"2025-05-09T23:39:38.072Z"}
{"level":"info","message":"Scheduling property ETL job with cron schedule: 0 0 * * *","service":"property-etl","timestamp":"2025-05-09T23:39:38.072Z"}
{"level":"info","message":"Property ETL job scheduled successfully","service":"property-etl","timestamp":"2025-05-09T23:39:38.074Z"}
{"level":"info","message":"Job scheduler started successfully","service":"property-etl","timestamp":"2025-05-09T23:39:38.074Z"}
{"level":"info","message":"Server started on http://localhost:3000","service":"property-etl","timestamp":"2025-05-09T23:40:32.817Z"}
{"level":"info","message":"Starting job scheduler","service":"property-etl","timestamp":"2025-05-09T23:40:32.819Z"}
{"level":"info","message":"Scheduling property ETL job with cron schedule: 0 0 * * *","service":"property-etl","timestamp":"2025-05-09T23:40:32.820Z"}
{"level":"info","message":"Property ETL job scheduled successfully","service":"property-etl","timestamp":"2025-05-09T23:40:32.821Z"}
{"level":"info","message":"Job scheduler started successfully","service":"property-etl","timestamp":"2025-05-09T23:40:32.821Z"}
{"level":"info","message":"Server started on http://localhost:3000","service":"property-etl","timestamp":"2025-05-09T23:40:36.347Z"}
{"level":"info","message":"Starting job scheduler","service":"property-etl","timestamp":"2025-05-09T23:40:36.349Z"}
{"level":"info","message":"Scheduling property ETL job with cron schedule: 0 0 * * *","service":"property-etl","timestamp":"2025-05-09T23:40:36.349Z"}
{"level":"info","message":"Property ETL job scheduled successfully","service":"property-etl","timestamp":"2025-05-09T23:40:36.350Z"}
{"level":"info","message":"Job scheduler started successfully","service":"property-etl","timestamp":"2025-05-09T23:40:36.351Z"}
{"level":"info","message":"Server started on http://localhost:3000","service":"property-etl","timestamp":"2025-05-11T01:23:55.656Z"}
{"level":"info","message":"Starting job scheduler","service":"property-etl","timestamp":"2025-05-11T01:23:55.658Z"}
{"level":"info","message":"Scheduling property ETL job with cron schedule: 0 0 * * *","service":"property-etl","timestamp":"2025-05-11T01:23:55.658Z"}
{"level":"info","message":"Property ETL job scheduled successfully","service":"property-etl","timestamp":"2025-05-11T01:23:55.660Z"}
{"level":"info","message":"Job scheduler started successfully","service":"property-etl","timestamp":"2025-05-11T01:23:55.660Z"}
{"level":"info","message":"Server started on http://localhost:3000","service":"property-etl","timestamp":"2025-05-11T01:24:03.734Z"}
{"level":"info","message":"Starting job scheduler","service":"property-etl","timestamp":"2025-05-11T01:24:03.736Z"}
{"level":"info","message":"Scheduling property ETL job with cron schedule: 0 0 * * *","service":"property-etl","timestamp":"2025-05-11T01:24:03.737Z"}
{"level":"info","message":"Property ETL job scheduled successfully","service":"property-etl","timestamp":"2025-05-11T01:24:03.738Z"}
{"level":"info","message":"Job scheduler started successfully","service":"property-etl","timestamp":"2025-05-11T01:24:03.738Z"}
{"level":"info","message":"Server started on http://localhost:3000","service":"property-etl","timestamp":"2025-05-11T01:24:04.925Z"}
{"level":"info","message":"Starting job scheduler","service":"property-etl","timestamp":"2025-05-11T01:24:04.926Z"}
{"level":"info","message":"Scheduling property ETL job with cron schedule: 0 0 * * *","service":"property-etl","timestamp":"2025-05-11T01:24:04.927Z"}
{"level":"info","message":"Property ETL job scheduled successfully","service":"property-etl","timestamp":"2025-05-11T01:24:04.928Z"}
{"level":"info","message":"Job scheduler started successfully","service":"property-etl","timestamp":"2025-05-11T01:24:04.928Z"}
{"level":"info","message":"Server started on http://localhost:3000","service":"property-etl","timestamp":"2025-05-11T01:24:06.242Z"}
{"level":"info","message":"Starting job scheduler","service":"property-etl","timestamp":"2025-05-11T01:24:06.244Z"}
{"level":"info","message":"Scheduling property ETL job with cron schedule: 0 0 * * *","service":"property-etl","timestamp":"2025-05-11T01:24:06.244Z"}
{"level":"info","message":"Property ETL job scheduled successfully","service":"property-etl","timestamp":"2025-05-11T01:24:06.246Z"}
{"level":"info","message":"Job scheduler started successfully","service":"property-etl","timestamp":"2025-05-11T01:24:06.246Z"}
{"level":"info","message":"Server started on http://localhost:3000","service":"property-etl","timestamp":"2025-05-11T01:24:20.690Z"}
{"level":"info","message":"Starting job scheduler","service":"property-etl","timestamp":"2025-05-11T01:24:20.693Z"}
{"level":"info","message":"Scheduling property ETL job with cron schedule: 0 0 * * *","service":"property-etl","timestamp":"2025-05-11T01:24:20.693Z"}
{"level":"info","message":"Property ETL job scheduled successfully","service":"property-etl","timestamp":"2025-05-11T01:24:20.694Z"}
{"level":"info","message":"Job scheduler started successfully","service":"property-etl","timestamp":"2025-05-11T01:24:20.694Z"}
{"level":"info","message":"Server started on http://localhost:3000","service":"property-etl","timestamp":"2025-05-11T01:24:22.171Z"}
{"level":"info","message":"Starting job scheduler","service":"property-etl","timestamp":"2025-05-11T01:24:22.173Z"}
{"level":"info","message":"Scheduling property ETL job with cron schedule: 0 0 * * *","service":"property-etl","timestamp":"2025-05-11T01:24:22.173Z"}
{"level":"info","message":"Property ETL job scheduled successfully","service":"property-etl","timestamp":"2025-05-11T01:24:22.175Z"}
{"level":"info","message":"Job scheduler started successfully","service":"property-etl","timestamp":"2025-05-11T01:24:22.175Z"}
{"level":"info","message":"Server started on http://localhost:3000","service":"property-etl","timestamp":"2025-05-11T01:24:31.304Z"}
{"level":"info","message":"Starting job scheduler","service":"property-etl","timestamp":"2025-05-11T01:24:31.306Z"}
{"level":"info","message":"Scheduling property ETL job with cron schedule: 0 0 * * *","service":"property-etl","timestamp":"2025-05-11T01:24:31.306Z"}
{"level":"info","message":"Property ETL job scheduled successfully","service":"property-etl","timestamp":"2025-05-11T01:24:31.308Z"}
{"level":"info","message":"Job scheduler started successfully","service":"property-etl","timestamp":"2025-05-11T01:24:31.308Z"}
{"level":"info","message":"Server started on http://localhost:3000","service":"property-etl","timestamp":"2025-05-11T01:24:32.728Z"}
{"level":"info","message":"Starting job scheduler","service":"property-etl","timestamp":"2025-05-11T01:24:32.730Z"}
{"level":"info","message":"Scheduling property ETL job with cron schedule: 0 0 * * *","service":"property-etl","timestamp":"2025-05-11T01:24:32.730Z"}
{"level":"info","message":"Property ETL job scheduled successfully","service":"property-etl","timestamp":"2025-05-11T01:24:32.732Z"}
{"level":"info","message":"Job scheduler started successfully","service":"property-etl","timestamp":"2025-05-11T01:24:32.732Z"}
{"level":"info","message":"Server started on http://localhost:3000","service":"property-etl","timestamp":"2025-05-11T01:24:37.153Z"}
{"level":"info","message":"Starting job scheduler","service":"property-etl","timestamp":"2025-05-11T01:24:37.156Z"}
{"level":"info","message":"Scheduling property ETL job with cron schedule: 0 0 * * *","service":"property-etl","timestamp":"2025-05-11T01:24:37.156Z"}
{"level":"info","message":"Property ETL job scheduled successfully","service":"property-etl","timestamp":"2025-05-11T01:24:37.157Z"}
{"level":"info","message":"Job scheduler started successfully","service":"property-etl","timestamp":"2025-05-11T01:24:37.158Z"}
{"level":"info","message":"Server started on http://localhost:3000","service":"property-etl","timestamp":"2025-05-11T01:26:29.704Z"}
{"level":"info","message":"Starting job scheduler","service":"property-etl","timestamp":"2025-05-11T01:26:29.706Z"}
{"level":"info","message":"Scheduling property ETL job with cron schedule: 0 0 * * *","service":"property-etl","timestamp":"2025-05-11T01:26:29.707Z"}
{"level":"info","message":"Property ETL job scheduled successfully","service":"property-etl","timestamp":"2025-05-11T01:26:29.708Z"}
{"level":"info","message":"Job scheduler started successfully","service":"property-etl","timestamp":"2025-05-11T01:26:29.708Z"}
{"level":"info","message":"Server started on http://localhost:3000","service":"property-etl","timestamp":"2025-05-11T01:26:36.672Z"}
{"level":"info","message":"Starting job scheduler","service":"property-etl","timestamp":"2025-05-11T01:26:36.674Z"}
{"level":"info","message":"Scheduling property ETL job with cron schedule: 0 0 * * *","service":"property-etl","timestamp":"2025-05-11T01:26:36.675Z"}
{"level":"info","message":"Property ETL job scheduled successfully","service":"property-etl","timestamp":"2025-05-11T01:26:36.676Z"}
{"level":"info","message":"Job scheduler started successfully","service":"property-etl","timestamp":"2025-05-11T01:26:36.676Z"}
{"level":"info","message":"Server started on http://localhost:3000","service":"property-etl","timestamp":"2025-05-11T01:27:16.620Z"}
{"level":"info","message":"Starting job scheduler","service":"property-etl","timestamp":"2025-05-11T01:27:16.622Z"}
{"level":"info","message":"Scheduling property ETL job with cron schedule: 0 0 * * *","service":"property-etl","timestamp":"2025-05-11T01:27:16.622Z"}
{"level":"info","message":"Property ETL job scheduled successfully","service":"property-etl","timestamp":"2025-05-11T01:27:16.623Z"}
{"level":"info","message":"Job scheduler started successfully","service":"property-etl","timestamp":"2025-05-11T01:27:16.623Z"}
{"level":"info","message":"Server started on http://localhost:3000","service":"property-etl","timestamp":"2025-05-11T01:27:27.394Z"}
{"level":"info","message":"Starting job scheduler","service":"property-etl","timestamp":"2025-05-11T01:27:27.396Z"}
{"level":"info","message":"Scheduling property ETL job with cron schedule: 0 0 * * *","service":"property-etl","timestamp":"2025-05-11T01:27:27.396Z"}
{"level":"info","message":"Property ETL job scheduled successfully","service":"property-etl","timestamp":"2025-05-11T01:27:27.397Z"}
{"level":"info","message":"Job scheduler started successfully","service":"property-etl","timestamp":"2025-05-11T01:27:27.397Z"}
{"level":"info","message":"Server started on http://localhost:3000","service":"property-etl","timestamp":"2025-05-11T01:27:56.982Z"}
{"level":"info","message":"Starting job scheduler","service":"property-etl","timestamp":"2025-05-11T01:27:56.985Z"}
{"level":"info","message":"Scheduling property ETL job with cron schedule: 0 0 * * *","service":"property-etl","timestamp":"2025-05-11T01:27:56.985Z"}
{"level":"info","message":"Property ETL job scheduled successfully","service":"property-etl","timestamp":"2025-05-11T01:27:56.986Z"}
{"level":"info","message":"Job scheduler started successfully","service":"property-etl","timestamp":"2025-05-11T01:27:56.987Z"}
{"level":"info","message":"Server started on http://localhost:3000","service":"property-etl","timestamp":"2025-05-11T01:27:59.695Z"}
{"level":"info","message":"Starting job scheduler","service":"property-etl","timestamp":"2025-05-11T01:27:59.696Z"}
{"level":"info","message":"Scheduling property ETL job with cron schedule: 0 0 * * *","service":"property-etl","timestamp":"2025-05-11T01:27:59.697Z"}
{"level":"info","message":"Property ETL job scheduled successfully","service":"property-etl","timestamp":"2025-05-11T01:27:59.698Z"}
{"level":"info","message":"Job scheduler started successfully","service":"property-etl","timestamp":"2025-05-11T01:27:59.698Z"}
{"level":"info","message":"Server started on http://localhost:3000","service":"property-etl","timestamp":"2025-05-11T01:28:36.617Z"}
{"level":"info","message":"Starting job scheduler","service":"property-etl","timestamp":"2025-05-11T01:28:36.619Z"}
{"level":"info","message":"Scheduling property ETL job with cron schedule: 0 0 * * *","service":"property-etl","timestamp":"2025-05-11T01:28:36.619Z"}
{"level":"info","message":"Property ETL job scheduled successfully","service":"property-etl","timestamp":"2025-05-11T01:28:36.621Z"}
{"level":"info","message":"Job scheduler started successfully","service":"property-etl","timestamp":"2025-05-11T01:28:36.621Z"}
{"level":"info","message":"Server started on http://localhost:3000","service":"property-etl","timestamp":"2025-05-11T01:29:05.098Z"}
{"level":"info","message":"Starting job scheduler","service":"property-etl","timestamp":"2025-05-11T01:29:05.100Z"}
{"level":"info","message":"Scheduling property ETL job with cron schedule: 0 0 * * *","service":"property-etl","timestamp":"2025-05-11T01:29:05.100Z"}
{"level":"info","message":"Property ETL job scheduled successfully","service":"property-etl","timestamp":"2025-05-11T01:29:05.102Z"}
{"level":"info","message":"Job scheduler started successfully","service":"property-etl","timestamp":"2025-05-11T01:29:05.102Z"}
{"level":"info","message":"Server started on http://localhost:3000","service":"property-etl","timestamp":"2025-05-11T01:29:44.645Z"}
{"level":"info","message":"Starting job scheduler","service":"property-etl","timestamp":"2025-05-11T01:29:44.647Z"}
{"level":"info","message":"Scheduling property ETL job with cron schedule: 0 0 * * *","service":"property-etl","timestamp":"2025-05-11T01:29:44.647Z"}
{"level":"info","message":"Property ETL job scheduled successfully","service":"property-etl","timestamp":"2025-05-11T01:29:44.649Z"}
{"level":"info","message":"Job scheduler started successfully","service":"property-etl","timestamp":"2025-05-11T01:29:44.649Z"}
{"level":"info","message":"Server started on http://localhost:3000","service":"property-etl","timestamp":"2025-05-11T01:29:45.897Z"}
{"level":"info","message":"Starting job scheduler","service":"property-etl","timestamp":"2025-05-11T01:29:45.898Z"}
{"level":"info","message":"Scheduling property ETL job with cron schedule: 0 0 * * *","service":"property-etl","timestamp":"2025-05-11T01:29:45.898Z"}
{"level":"info","message":"Property ETL job scheduled successfully","service":"property-etl","timestamp":"2025-05-11T01:29:45.900Z"}
{"level":"info","message":"Job scheduler started successfully","service":"property-etl","timestamp":"2025-05-11T01:29:45.900Z"}
{"level":"info","message":"Server started on http://localhost:3000","service":"property-etl","timestamp":"2025-05-11T01:29:52.510Z"}
{"level":"info","message":"Starting job scheduler","service":"property-etl","timestamp":"2025-05-11T01:29:52.512Z"}
{"level":"info","message":"Scheduling property ETL job with cron schedule: 0 0 * * *","service":"property-etl","timestamp":"2025-05-11T01:29:52.512Z"}
{"level":"info","message":"Property ETL job scheduled successfully","service":"property-etl","timestamp":"2025-05-11T01:29:52.514Z"}
{"level":"info","message":"Job scheduler started successfully","service":"property-etl","timestamp":"2025-05-11T01:29:52.514Z"}
{"level":"info","message":"Server started on http://localhost:3000","service":"property-etl","timestamp":"2025-05-11T01:29:53.942Z"}
{"level":"info","message":"Starting job scheduler","service":"property-etl","timestamp":"2025-05-11T01:29:53.944Z"}
{"level":"info","message":"Scheduling property ETL job with cron schedule: 0 0 * * *","service":"property-etl","timestamp":"2025-05-11T01:29:53.944Z"}
{"level":"info","message":"Property ETL job scheduled successfully","service":"property-etl","timestamp":"2025-05-11T01:29:53.945Z"}
{"level":"info","message":"Job scheduler started successfully","service":"property-etl","timestamp":"2025-05-11T01:29:53.945Z"}
{"level":"info","message":"Server started on http://localhost:3000","service":"property-etl","timestamp":"2025-05-11T01:30:10.355Z"}
{"level":"info","message":"Starting job scheduler","service":"property-etl","timestamp":"2025-05-11T01:30:10.357Z"}
{"level":"info","message":"Scheduling property ETL job with cron schedule: 0 0 * * *","service":"property-etl","timestamp":"2025-05-11T01:30:10.357Z"}
{"level":"info","message":"Property ETL job scheduled successfully","service":"property-etl","timestamp":"2025-05-11T01:30:10.359Z"}
{"level":"info","message":"Job scheduler started successfully","service":"property-etl","timestamp":"2025-05-11T01:30:10.359Z"}
{"level":"info","message":"Server started on http://localhost:3000","service":"property-etl","timestamp":"2025-05-11T01:30:21.482Z"}
{"level":"info","message":"Starting job scheduler","service":"property-etl","timestamp":"2025-05-11T01:30:21.484Z"}
{"level":"info","message":"Scheduling property ETL job with cron schedule: 0 0 * * *","service":"property-etl","timestamp":"2025-05-11T01:30:21.484Z"}
{"level":"info","message":"Property ETL job scheduled successfully","service":"property-etl","timestamp":"2025-05-11T01:30:21.486Z"}
{"level":"info","message":"Job scheduler started successfully","service":"property-etl","timestamp":"2025-05-11T01:30:21.486Z"}
{"level":"info","message":"Server started on http://localhost:3000","service":"property-etl","timestamp":"2025-05-11T01:30:41.745Z"}
{"level":"info","message":"Starting job scheduler","service":"property-etl","timestamp":"2025-05-11T01:30:41.747Z"}
{"level":"info","message":"Scheduling property ETL job with cron schedule: 0 0 * * *","service":"property-etl","timestamp":"2025-05-11T01:30:41.747Z"}
{"level":"info","message":"Property ETL job scheduled successfully","service":"property-etl","timestamp":"2025-05-11T01:30:41.749Z"}
{"level":"info","message":"Job scheduler started successfully","service":"property-etl","timestamp":"2025-05-11T01:30:41.749Z"}
{"level":"info","message":"Server started on http://localhost:3000","service":"property-etl","timestamp":"2025-05-11T01:30:59.863Z"}
{"level":"info","message":"Starting job scheduler","service":"property-etl","timestamp":"2025-05-11T01:30:59.865Z"}
{"level":"info","message":"Scheduling property ETL job with cron schedule: 0 0 * * *","service":"property-etl","timestamp":"2025-05-11T01:30:59.865Z"}
{"level":"info","message":"Property ETL job scheduled successfully","service":"property-etl","timestamp":"2025-05-11T01:30:59.866Z"}
{"level":"info","message":"Job scheduler started successfully","service":"property-etl","timestamp":"2025-05-11T01:30:59.866Z"}
{"level":"info","message":"Server started on http://localhost:3000","service":"property-etl","timestamp":"2025-05-11T01:31:20.930Z"}
{"level":"info","message":"Starting job scheduler","service":"property-etl","timestamp":"2025-05-11T01:31:20.932Z"}
{"level":"info","message":"Scheduling property ETL job with cron schedule: 0 0 * * *","service":"property-etl","timestamp":"2025-05-11T01:31:20.932Z"}
{"level":"info","message":"Property ETL job scheduled successfully","service":"property-etl","timestamp":"2025-05-11T01:31:20.933Z"}
{"level":"info","message":"Job scheduler started successfully","service":"property-etl","timestamp":"2025-05-11T01:31:20.934Z"}
{"level":"info","message":"Server started on http://localhost:3000","service":"property-etl","timestamp":"2025-05-11T01:32:14.249Z"}
{"level":"info","message":"Starting job scheduler","service":"property-etl","timestamp":"2025-05-11T01:32:14.251Z"}
{"level":"info","message":"Scheduling property ETL job with cron schedule: 0 0 * * *","service":"property-etl","timestamp":"2025-05-11T01:32:14.251Z"}
{"level":"info","message":"Property ETL job scheduled successfully","service":"property-etl","timestamp":"2025-05-11T01:32:14.253Z"}
{"level":"info","message":"Job scheduler started successfully","service":"property-etl","timestamp":"2025-05-11T01:32:14.253Z"}
{"level":"info","message":"Server started on http://localhost:3000","service":"property-etl","timestamp":"2025-05-11T01:32:16.083Z"}
{"level":"info","message":"Starting job scheduler","service":"property-etl","timestamp":"2025-05-11T01:32:16.085Z"}
{"level":"info","message":"Scheduling property ETL job with cron schedule: 0 0 * * *","service":"property-etl","timestamp":"2025-05-11T01:32:16.085Z"}
{"level":"info","message":"Property ETL job scheduled successfully","service":"property-etl","timestamp":"2025-05-11T01:32:16.087Z"}
{"level":"info","message":"Job scheduler started successfully","service":"property-etl","timestamp":"2025-05-11T01:32:16.087Z"}
{"level":"info","message":"Server started on http://localhost:3000","service":"property-etl","timestamp":"2025-05-11T01:32:31.695Z"}
{"level":"info","message":"Starting job scheduler","service":"property-etl","timestamp":"2025-05-11T01:32:31.697Z"}
{"level":"info","message":"Scheduling property ETL job with cron schedule: 0 0 * * *","service":"property-etl","timestamp":"2025-05-11T01:32:31.697Z"}
{"level":"info","message":"Property ETL job scheduled successfully","service":"property-etl","timestamp":"2025-05-11T01:32:31.699Z"}
{"level":"info","message":"Job scheduler started successfully","service":"property-etl","timestamp":"2025-05-11T01:32:31.699Z"}
{"level":"info","message":"Server started on http://localhost:3000","service":"property-etl","timestamp":"2025-05-11T01:33:09.438Z"}
{"level":"info","message":"Starting job scheduler","service":"property-etl","timestamp":"2025-05-11T01:33:09.441Z"}
{"level":"info","message":"Scheduling property ETL job with cron schedule: 0 0 * * *","service":"property-etl","timestamp":"2025-05-11T01:33:09.441Z"}
{"level":"info","message":"Property ETL job scheduled successfully","service":"property-etl","timestamp":"2025-05-11T01:33:09.443Z"}
{"level":"info","message":"Job scheduler started successfully","service":"property-etl","timestamp":"2025-05-11T01:33:09.443Z"}
{"level":"info","message":"Server started on http://localhost:3000","service":"property-etl","timestamp":"2025-05-11T01:33:12.535Z"}
{"level":"info","message":"Starting job scheduler","service":"property-etl","timestamp":"2025-05-11T01:33:12.537Z"}
{"level":"info","message":"Scheduling property ETL job with cron schedule: 0 0 * * *","service":"property-etl","timestamp":"2025-05-11T01:33:12.537Z"}
{"level":"info","message":"Property ETL job scheduled successfully","service":"property-etl","timestamp":"2025-05-11T01:33:12.539Z"}
{"level":"info","message":"Job scheduler started successfully","service":"property-etl","timestamp":"2025-05-11T01:33:12.539Z"}
{"level":"info","message":"Server started on http://localhost:3000","service":"property-etl","timestamp":"2025-05-11T01:33:18.323Z"}
{"level":"info","message":"Starting job scheduler","service":"property-etl","timestamp":"2025-05-11T01:33:18.326Z"}
{"level":"info","message":"Scheduling property ETL job with cron schedule: 0 0 * * *","service":"property-etl","timestamp":"2025-05-11T01:33:18.326Z"}
{"level":"info","message":"Property ETL job scheduled successfully","service":"property-etl","timestamp":"2025-05-11T01:33:18.327Z"}
{"level":"info","message":"Job scheduler started successfully","service":"property-etl","timestamp":"2025-05-11T01:33:18.327Z"}
{"level":"info","message":"Server started on http://localhost:3000","service":"property-etl","timestamp":"2025-05-11T01:34:07.012Z"}
{"level":"info","message":"Starting job scheduler","service":"property-etl","timestamp":"2025-05-11T01:34:07.014Z"}
{"level":"info","message":"Scheduling property ETL job with cron schedule: 0 0 * * *","service":"property-etl","timestamp":"2025-05-11T01:34:07.014Z"}
{"level":"info","message":"Property ETL job scheduled successfully","service":"property-etl","timestamp":"2025-05-11T01:34:07.016Z"}
{"level":"info","message":"Job scheduler started successfully","service":"property-etl","timestamp":"2025-05-11T01:34:07.016Z"}
{"level":"info","message":"Server started on http://localhost:3000","service":"property-etl","timestamp":"2025-05-11T01:35:47.371Z"}
{"level":"info","message":"Starting job scheduler","service":"property-etl","timestamp":"2025-05-11T01:35:47.373Z"}
{"level":"info","message":"Scheduling property ETL job with cron schedule: 0 0 * * *","service":"property-etl","timestamp":"2025-05-11T01:35:47.373Z"}
{"level":"info","message":"Property ETL job scheduled successfully","service":"property-etl","timestamp":"2025-05-11T01:35:47.375Z"}
{"level":"info","message":"Job scheduler started successfully","service":"property-etl","timestamp":"2025-05-11T01:35:47.375Z"}
{"level":"info","message":"Server started on http://localhost:3000","service":"property-etl","timestamp":"2025-05-11T01:36:26.128Z"}
{"level":"info","message":"Starting job scheduler","service":"property-etl","timestamp":"2025-05-11T01:36:26.130Z"}
{"level":"info","message":"Scheduling property ETL job with cron schedule: 0 0 * * *","service":"property-etl","timestamp":"2025-05-11T01:36:26.130Z"}
{"level":"info","message":"Property ETL job scheduled successfully","service":"property-etl","timestamp":"2025-05-11T01:36:26.132Z"}
{"level":"info","message":"Job scheduler started successfully","service":"property-etl","timestamp":"2025-05-11T01:36:26.132Z"}
{"level":"info","message":"Server started on http://localhost:3000","service":"property-etl","timestamp":"2025-05-11T01:37:16.003Z"}
{"level":"info","message":"Starting job scheduler","service":"property-etl","timestamp":"2025-05-11T01:37:16.005Z"}
{"level":"info","message":"Scheduling property ETL job with cron schedule: 0 0 * * *","service":"property-etl","timestamp":"2025-05-11T01:37:16.005Z"}
{"level":"info","message":"Property ETL job scheduled successfully","service":"property-etl","timestamp":"2025-05-11T01:37:16.007Z"}
{"level":"info","message":"Job scheduler started successfully","service":"property-etl","timestamp":"2025-05-11T01:37:16.007Z"}
{"level":"info","message":"Server started on http://localhost:3000","service":"property-etl","timestamp":"2025-05-11T01:37:57.579Z"}
{"level":"info","message":"Starting job scheduler","service":"property-etl","timestamp":"2025-05-11T01:37:57.581Z"}
{"level":"info","message":"Scheduling property ETL job with cron schedule: 0 0 * * *","service":"property-etl","timestamp":"2025-05-11T01:37:57.581Z"}
{"level":"info","message":"Property ETL job scheduled successfully","service":"property-etl","timestamp":"2025-05-11T01:37:57.582Z"}
{"level":"info","message":"Job scheduler started successfully","service":"property-etl","timestamp":"2025-05-11T01:37:57.582Z"}
{"level":"info","message":"Server started on http://localhost:3000","service":"property-etl","timestamp":"2025-05-11T01:38:37.428Z"}
{"level":"info","message":"Starting job scheduler","service":"property-etl","timestamp":"2025-05-11T01:38:37.430Z"}
{"level":"info","message":"Scheduling property ETL job with cron schedule: 0 0 * * *","service":"property-etl","timestamp":"2025-05-11T01:38:37.430Z"}
{"level":"info","message":"Property ETL job scheduled successfully","service":"property-etl","timestamp":"2025-05-11T01:38:37.432Z"}
{"level":"info","message":"Job scheduler started successfully","service":"property-etl","timestamp":"2025-05-11T01:38:37.432Z"}
{"level":"info","message":"Server started on http://localhost:3000","service":"property-etl","timestamp":"2025-05-11T01:39:25.359Z"}
{"level":"info","message":"Starting job scheduler","service":"property-etl","timestamp":"2025-05-11T01:39:25.361Z"}
{"level":"info","message":"Scheduling property ETL job with cron schedule: 0 0 * * *","service":"property-etl","timestamp":"2025-05-11T01:39:25.362Z"}
{"level":"info","message":"Property ETL job scheduled successfully","service":"property-etl","timestamp":"2025-05-11T01:39:25.363Z"}
{"level":"info","message":"Job scheduler started successfully","service":"property-etl","timestamp":"2025-05-11T01:39:25.363Z"}
{"level":"info","message":"Server started on http://localhost:3000","service":"property-etl","timestamp":"2025-05-11T01:43:09.055Z"}
{"level":"info","message":"Starting job scheduler","service":"property-etl","timestamp":"2025-05-11T01:43:09.057Z"}
{"level":"info","message":"Scheduling property ETL job with cron schedule: 0 0 * * *","service":"property-etl","timestamp":"2025-05-11T01:43:09.057Z"}
{"level":"info","message":"Property ETL job scheduled successfully","service":"property-etl","timestamp":"2025-05-11T01:43:09.059Z"}
{"level":"info","message":"Job scheduler started successfully","service":"property-etl","timestamp":"2025-05-11T01:43:09.059Z"}
{"level":"info","message":"Server started on http://localhost:3000","service":"property-etl","timestamp":"2025-05-11T01:43:16.352Z"}
{"level":"info","message":"Starting job scheduler","service":"property-etl","timestamp":"2025-05-11T01:43:16.355Z"}
{"level":"info","message":"Scheduling property ETL job with cron schedule: 0 0 * * *","service":"property-etl","timestamp":"2025-05-11T01:43:16.355Z"}
{"level":"info","message":"Property ETL job scheduled successfully","service":"property-etl","timestamp":"2025-05-11T01:43:16.357Z"}
{"level":"info","message":"Job scheduler started successfully","service":"property-etl","timestamp":"2025-05-11T01:43:16.357Z"}
{"level":"info","message":"Server started on http://localhost:3000","service":"property-etl","timestamp":"2025-05-11T01:43:18.500Z"}
{"level":"info","message":"Starting job scheduler","service":"property-etl","timestamp":"2025-05-11T01:43:18.502Z"}
{"level":"info","message":"Scheduling property ETL job with cron schedule: 0 0 * * *","service":"property-etl","timestamp":"2025-05-11T01:43:18.502Z"}
{"level":"info","message":"Property ETL job scheduled successfully","service":"property-etl","timestamp":"2025-05-11T01:43:18.503Z"}
{"level":"info","message":"Job scheduler started successfully","service":"property-etl","timestamp":"2025-05-11T01:43:18.503Z"}
{"level":"info","message":"Server started on http://localhost:3000","service":"property-etl","timestamp":"2025-05-11T02:04:41.164Z"}
{"level":"info","message":"Starting job scheduler","service":"property-etl","timestamp":"2025-05-11T02:04:41.169Z"}
{"level":"info","message":"Scheduling property ETL job with cron schedule: 0 0 * * *","service":"property-etl","timestamp":"2025-05-11T02:04:41.170Z"}
{"level":"info","message":"Property ETL job scheduled successfully","service":"property-etl","timestamp":"2025-05-11T02:04:41.172Z"}
{"level":"info","message":"Job scheduler started successfully","service":"property-etl","timestamp":"2025-05-11T02:04:41.172Z"}
{"level":"info","message":"Server started on http://localhost:3000","service":"property-etl","timestamp":"2025-05-11T02:04:49.309Z"}
{"level":"info","message":"Starting job scheduler","service":"property-etl","timestamp":"2025-05-11T02:04:49.311Z"}
{"level":"info","message":"Scheduling property ETL job with cron schedule: 0 0 * * *","service":"property-etl","timestamp":"2025-05-11T02:04:49.311Z"}
{"level":"info","message":"Property ETL job scheduled successfully","service":"property-etl","timestamp":"2025-05-11T02:04:49.312Z"}
{"level":"info","message":"Job scheduler started successfully","service":"property-etl","timestamp":"2025-05-11T02:04:49.312Z"}
{"level":"info","message":"Server started on http://localhost:3000","service":"property-etl","timestamp":"2025-05-11T02:05:14.631Z"}
{"level":"info","message":"Starting job scheduler","service":"property-etl","timestamp":"2025-05-11T02:05:14.633Z"}
{"level":"info","message":"Scheduling property ETL job with cron schedule: 0 0 * * *","service":"property-etl","timestamp":"2025-05-11T02:05:14.633Z"}
{"level":"info","message":"Property ETL job scheduled successfully","service":"property-etl","timestamp":"2025-05-11T02:05:14.635Z"}
{"level":"info","message":"Job scheduler started successfully","service":"property-etl","timestamp":"2025-05-11T02:05:14.635Z"}
{"level":"info","message":"Server started on http://localhost:3000","service":"property-etl","timestamp":"2025-05-11T02:05:18.476Z"}
{"level":"info","message":"Starting job scheduler","service":"property-etl","timestamp":"2025-05-11T02:05:18.478Z"}
{"level":"info","message":"Scheduling property ETL job with cron schedule: 0 0 * * *","service":"property-etl","timestamp":"2025-05-11T02:05:18.478Z"}
{"level":"info","message":"Property ETL job scheduled successfully","service":"property-etl","timestamp":"2025-05-11T02:05:18.479Z"}
{"level":"info","message":"Job scheduler started successfully","service":"property-etl","timestamp":"2025-05-11T02:05:18.480Z"}
{"level":"info","message":"Server started on http://localhost:3000","service":"property-etl","timestamp":"2025-05-11T02:05:55.215Z"}
{"level":"info","message":"Starting job scheduler","service":"property-etl","timestamp":"2025-05-11T02:05:55.218Z"}
{"level":"info","message":"Scheduling property ETL job with cron schedule: 0 0 * * *","service":"property-etl","timestamp":"2025-05-11T02:05:55.219Z"}
{"level":"info","message":"Property ETL job scheduled successfully","service":"property-etl","timestamp":"2025-05-11T02:05:55.221Z"}
{"level":"info","message":"Job scheduler started successfully","service":"property-etl","timestamp":"2025-05-11T02:05:55.221Z"}
{"level":"info","message":"Server started on http://localhost:3000","service":"property-etl","timestamp":"2025-05-11T02:06:03.927Z"}
{"level":"info","message":"Starting job scheduler","service":"property-etl","timestamp":"2025-05-11T02:06:03.929Z"}
{"level":"info","message":"Scheduling property ETL job with cron schedule: 0 0 * * *","service":"property-etl","timestamp":"2025-05-11T02:06:03.929Z"}
{"level":"info","message":"Property ETL job scheduled successfully","service":"property-etl","timestamp":"2025-05-11T02:06:03.931Z"}
{"level":"info","message":"Job scheduler started successfully","service":"property-etl","timestamp":"2025-05-11T02:06:03.931Z"}
{"level":"info","message":"Server started on http://localhost:3000","service":"property-etl","timestamp":"2025-05-11T02:06:06.055Z"}
{"level":"info","message":"Starting job scheduler","service":"property-etl","timestamp":"2025-05-11T02:06:06.057Z"}
{"level":"info","message":"Scheduling property ETL job with cron schedule: 0 0 * * *","service":"property-etl","timestamp":"2025-05-11T02:06:06.057Z"}
{"level":"info","message":"Property ETL job scheduled successfully","service":"property-etl","timestamp":"2025-05-11T02:06:06.058Z"}
{"level":"info","message":"Job scheduler started successfully","service":"property-etl","timestamp":"2025-05-11T02:06:06.059Z"}
{"level":"info","message":"Server started on http://localhost:3000","service":"property-etl","timestamp":"2025-05-11T02:06:07.182Z"}
{"level":"info","message":"Starting job scheduler","service":"property-etl","timestamp":"2025-05-11T02:06:07.183Z"}
{"level":"info","message":"Scheduling property ETL job with cron schedule: 0 0 * * *","service":"property-etl","timestamp":"2025-05-11T02:06:07.184Z"}
{"level":"info","message":"Property ETL job scheduled successfully","service":"property-etl","timestamp":"2025-05-11T02:06:07.185Z"}
{"level":"info","message":"Job scheduler started successfully","service":"property-etl","timestamp":"2025-05-11T02:06:07.185Z"}
